0 info it worked if it ends with ok
1 verbose cli [ '/data/node/node-v6.4.0/out/Release/node',
1 verbose cli   '/data/node/node-v6.4.0/out/bin/npm',
1 verbose cli   'start' ]
2 info using npm@3.10.8
3 info using node@v6.4.0
4 verbose run-script [ 'prestart', 'start', 'poststart' ]
5 info lifecycle batchAddSortData@0.0.0~prestart: batchAddSortData@0.0.0
6 silly lifecycle batchAddSortData@0.0.0~prestart: no script for prestart, continuing
7 info lifecycle batchAddSortData@0.0.0~start: batchAddSortData@0.0.0
8 verbose lifecycle batchAddSortData@0.0.0~start: unsafe-perm in lifecycle true
9 verbose lifecycle batchAddSortData@0.0.0~start: PATH: /data/node/node-v6.4.0/out/lib/node_modules/npm/bin/node-gyp-bin:/data/node/BFSort/batchAddSortData/node_modules/.bin:/data/node/node-v6.4.0/out/Release:/data/nodemcu/esp-open-sdk/xtensa-lx106-elf/bin:/data/node/node-v6.4.0/out/bin:/data/node/node-v6.4.0/:/root/depot_tools:/usr/local/sbin:/usr/local/bin:/usr/sbin:/usr/bin:/root/bin
10 verbose lifecycle batchAddSortData@0.0.0~start: CWD: /data/node/BFSort/batchAddSortData
11 silly lifecycle batchAddSortData@0.0.0~start: Args: [ '-c', 'node ./bin/www' ]
12 silly lifecycle batchAddSortData@0.0.0~start: Returned: code: 1  signal: null
13 info lifecycle batchAddSortData@0.0.0~start: Failed to exec start script
14 verbose stack Error: batchAddSortData@0.0.0 start: `node ./bin/www`
14 verbose stack Exit status 1
14 verbose stack     at EventEmitter.<anonymous> (/data/node/node-v6.4.0/out/lib/node_modules/npm/lib/utils/lifecycle.js:255:16)
14 verbose stack     at emitTwo (events.js:106:13)
14 verbose stack     at EventEmitter.emit (events.js:191:7)
14 verbose stack     at ChildProcess.<anonymous> (/data/node/node-v6.4.0/out/lib/node_modules/npm/lib/utils/spawn.js:40:14)
14 verbose stack     at emitTwo (events.js:106:13)
14 verbose stack     at ChildProcess.emit (events.js:191:7)
14 verbose stack     at maybeClose (internal/child_process.js:852:16)
14 verbose stack     at Process.ChildProcess._handle.onexit (internal/child_process.js:215:5)
15 verbose pkgid batchAddSortData@0.0.0
16 verbose cwd /data/node/BFSort/batchAddSortData
17 error Linux 3.10.0-229.el7.x86_64
18 error argv "/data/node/node-v6.4.0/out/Release/node" "/data/node/node-v6.4.0/out/bin/npm" "start"
19 error node v6.4.0
20 error npm  v3.10.8
21 error code ELIFECYCLE
22 error batchAddSortData@0.0.0 start: `node ./bin/www`
22 error Exit status 1
23 error Failed at the batchAddSortData@0.0.0 start script 'node ./bin/www'.
23 error Make sure you have the latest version of node.js and npm installed.
23 error If you do, this is most likely a problem with the batchAddSortData package,
23 error not with npm itself.
23 error Tell the author that this fails on your system:
23 error     node ./bin/www
23 error You can get information on how to open an issue for this project with:
23 error     npm bugs batchAddSortData
23 error Or if that isn't available, you can get their info via:
23 error     npm owner ls batchAddSortData
23 error There is likely additional logging output above.
24 verbose exit [ 1, true ]
